Picked up JAVA_TOOL_OPTIONS: -Dstdout.encoding=UTF-8 -Dstderr.encoding=UTF-8
[INFO] Scanning for projects...
[INFO] 
[INFO] --------------------------< com.viraj:sample >--------------------------
[INFO] Building sample 0.0.1-SNAPSHOT
[INFO]   from pom.xml
[INFO] --------------------------------[ jar ]---------------------------------
[INFO] 
[INFO] --- clean:3.1.0:clean (default-clean) @ sample ---
[INFO] Deleting C:\Users\Pato\Documents\testtest\validacion-sw-assesment01\target
[INFO] 
[INFO] --- resources:3.1.0:resources (default-resources) @ sample ---
[INFO] Using 'UTF-8' encoding to copy filtered resources.
[INFO] Copying 1 resource
[INFO] Copying 0 resource
[INFO] 
[INFO] --- compiler:3.8.1:compile (default-compile) @ sample ---
[INFO] Changes detected - recompiling the module!
[INFO] Compiling 6 source files to C:\Users\Pato\Documents\testtest\validacion-sw-assesment01\target\classes
¿Desea terminar el trabajo por lotes (S/N)? ¿Desea terminar el trabajo por lotes (S/N)? 
^C